2023-03-16 13:50:02,110 [Worker-4: Loading available Gradle versions] INFO  o.e.b.c.i.u.g.PublishedGradleVersions - Gradle version information cache is out-of-date. Trying to update.
2023-03-16 13:53:40,575 [Worker-2: Loading available Gradle versions] INFO  o.e.b.c.i.u.g.PublishedGradleVersions - Gradle version information cache is up-to-date. Trying to read.
2023-03-16 13:54:36,874 [Worker-5: Updating Maven Dependencies] INFO  o.e.m.c.i.l.LifecycleMappingFactory - Using org.maven.ide.eclipse.wtp.WarLifecycleMapping lifecycle mapping for MavenProject: web-market:web-market:0.0.1-SNAPSHOT @ C:\Users\wholefoods\eclipse-workspace\web-market\web-market\pom.xml.
2023-03-16 13:55:03,983 [Worker-4: Building] WARN  o.e.m.c.i.embedder.EclipseLogger - Using platform encoding (UTF-8 actually) to copy filtered resources, i.e. build is platform dependent!
2023-03-16 13:55:04,006 [Worker-4: Building] INFO  o.e.m.c.i.embedder.EclipseLogger - Copying 1 resource
2023-03-16 13:55:04,067 [Worker-4: Building] WARN  o.e.m.c.i.embedder.EclipseLogger - Using platform encoding (UTF-8 actually) to copy filtered resources, i.e. build is platform dependent!
2023-03-16 13:55:04,069 [Worker-4: Building] INFO  o.e.m.c.i.embedder.EclipseLogger - skip non existing resourceDirectory C:\Users\wholefoods\eclipse-workspace\web-market\web-market\src\test\resources
2023-03-16 13:55:27,689 [Worker-4: Building] WARN  o.e.m.c.i.embedder.EclipseLogger - Using platform encoding (UTF-8 actually) to copy filtered resources, i.e. build is platform dependent!
2023-03-16 13:55:27,693 [Worker-4: Building] INFO  o.e.m.c.i.embedder.EclipseLogger - Copying 1 resource
2023-03-16 13:55:27,697 [Worker-4: Building] WARN  o.e.m.c.i.embedder.EclipseLogger - Using platform encoding (UTF-8 actually) to copy filtered resources, i.e. build is platform dependent!
2023-03-16 13:55:27,698 [Worker-4: Building] INFO  o.e.m.c.i.embedder.EclipseLogger - skip non existing resourceDirectory C:\Users\wholefoods\eclipse-workspace\web-market\web-market\src\test\resources
2023-03-16 13:55:37,265 [Worker-9: Updating Maven Project] INFO  o.e.m.c.i.p.ProjectConfigurationManager - Update started
2023-03-16 13:55:37,907 [Worker-9: Updating Maven Project] INFO  o.e.m.c.i.l.LifecycleMappingFactory - Using org.maven.ide.eclipse.wtp.WarLifecycleMapping lifecycle mapping for MavenProject: web-market:web-market:0.0.1-SNAPSHOT @ C:\Users\wholefoods\eclipse-workspace\web-market\web-market\pom.xml.
2023-03-16 13:55:39,466 [Worker-9: Updating Maven Project] INFO  o.e.m.j.i.AbstractJavaProjectConfigurator - Adding source folder /web-market/src/main/java
2023-03-16 13:55:39,467 [Worker-9: Updating Maven Project] INFO  o.e.m.j.i.AbstractJavaProjectConfigurator - Adding resource folder /web-market/src/main/resources
2023-03-16 13:55:39,469 [Worker-9: Updating Maven Project] INFO  o.e.m.j.i.AbstractJavaProjectConfigurator - Adding source folder /web-market/src/test/java
2023-03-16 13:55:41,041 [Worker-9: Updating Maven Project] INFO  o.e.m.w.i.f.ResourceFilteringBuildParticipant - Cleaning filtered folder for web-market
2023-03-16 13:55:41,062 [Worker-9: Updating Maven Project] INFO  o.e.m.c.i.p.ProjectConfigurationManager - Update completed: 3 sec
2023-03-16 13:55:43,588 [Worker-2: Building] WARN  o.e.m.c.i.embedder.EclipseLogger - Using platform encoding (UTF-8 actually) to copy filtered resources, i.e. build is platform dependent!
2023-03-16 13:55:43,593 [Worker-2: Building] INFO  o.e.m.c.i.embedder.EclipseLogger - Copying 1 resource
2023-03-16 13:55:43,612 [Worker-2: Building] WARN  o.e.m.c.i.embedder.EclipseLogger - Using platform encoding (UTF-8 actually) to copy filtered resources, i.e. build is platform dependent!
2023-03-16 13:55:43,613 [Worker-2: Building] INFO  o.e.m.c.i.embedder.EclipseLogger - skip non existing resourceDirectory C:\Users\wholefoods\eclipse-workspace\web-market\web-market\src\test\resources
2023-03-16 13:55:43,614 [Worker-2: Building] INFO  o.e.m.w.i.f.ResourceFilteringBuildParticipant - Changed resources require a complete clean of filtered resources of web-market
2023-03-16 13:55:43,615 [Worker-2: Building] INFO  o.e.m.w.i.f.ResourceFilteringBuildParticipant - Executing resource filtering for web-market
2023-03-16 13:55:43,730 [Worker-2: Building] WARN  o.e.m.c.i.embedder.EclipseLogger - Using platform encoding (UTF-8 actually) to copy filtered resources, i.e. build is platform dependent!
2023-03-16 13:59:30,638 [Worker-12: Launching Executing install in C__Users_wholefoods_eclipse-workspace_web-market_web-market] INFO  o.e.m.i.launch.MavenLaunchDelegate - C:\Users\wholefoods\eclipse-workspace\web-market\web-market
2023-03-16 13:59:30,647 [Worker-12: Launching Executing install in C__Users_wholefoods_eclipse-workspace_web-market_web-market] INFO  o.e.m.i.launch.MavenLaunchDelegate -  mvn -B install
2023-03-16 13:59:46,975 [Worker-11: Building] WARN  o.e.m.c.i.embedder.EclipseLogger - Using platform encoding (UTF-8 actually) to copy filtered resources, i.e. build is platform dependent!
2023-03-16 13:59:46,979 [Worker-11: Building] INFO  o.e.m.c.i.embedder.EclipseLogger - Copying 0 resource
2023-03-16 13:59:46,984 [Worker-11: Building] WARN  o.e.m.c.i.embedder.EclipseLogger - Using platform encoding (UTF-8 actually) to copy filtered resources, i.e. build is platform dependent!
2023-03-16 13:59:46,986 [Worker-11: Building] INFO  o.e.m.c.i.embedder.EclipseLogger - skip non existing resourceDirectory C:\Users\wholefoods\eclipse-workspace\web-market\web-market\src\test\resources
2023-03-16 14:00:13,742 [Worker-13: Updating Maven Project] INFO  o.e.m.c.i.p.ProjectConfigurationManager - Update started
2023-03-16 14:00:14,180 [Worker-13: Updating Maven Project] INFO  o.e.m.c.i.l.LifecycleMappingFactory - Using org.maven.ide.eclipse.wtp.WarLifecycleMapping lifecycle mapping for MavenProject: web-market:web-market:0.0.1-SNAPSHOT @ C:\Users\wholefoods\eclipse-workspace\web-market\web-market\pom.xml.
2023-03-16 14:00:16,230 [Worker-13: Updating Maven Project] INFO  o.e.m.j.i.AbstractJavaProjectConfigurator - Adding source folder /web-market/src/main/java
2023-03-16 14:00:16,231 [Worker-13: Updating Maven Project] INFO  o.e.m.j.i.AbstractJavaProjectConfigurator - Adding resource folder /web-market/src/main/resources
2023-03-16 14:00:16,233 [Worker-13: Updating Maven Project] INFO  o.e.m.j.i.AbstractJavaProjectConfigurator - Adding source folder /web-market/src/test/java
2023-03-16 14:00:17,905 [Worker-13: Updating Maven Project] INFO  o.e.m.w.i.f.ResourceFilteringBuildParticipant - Cleaning filtered folder for web-market
2023-03-16 14:00:17,931 [Worker-13: Updating Maven Project] INFO  o.e.m.c.i.p.ProjectConfigurationManager - Update completed: 4 sec
2023-03-16 14:00:19,373 [Worker-12: Building] WARN  o.e.m.c.i.embedder.EclipseLogger - Using platform encoding (UTF-8 actually) to copy filtered resources, i.e. build is platform dependent!
2023-03-16 14:00:19,375 [Worker-12: Building] INFO  o.e.m.c.i.embedder.EclipseLogger - Copying 1 resource
2023-03-16 14:00:19,391 [Worker-12: Building] WARN  o.e.m.c.i.embedder.EclipseLogger - Using platform encoding (UTF-8 actually) to copy filtered resources, i.e. build is platform dependent!
2023-03-16 14:00:19,396 [Worker-12: Building] INFO  o.e.m.c.i.embedder.EclipseLogger - skip non existing resourceDirectory C:\Users\wholefoods\eclipse-workspace\web-market\web-market\src\test\resources
2023-03-16 14:00:19,397 [Worker-12: Building] INFO  o.e.m.w.i.f.ResourceFilteringBuildParticipant - Changed resources require a complete clean of filtered resources of web-market
2023-03-16 14:00:19,397 [Worker-12: Building] INFO  o.e.m.w.i.f.ResourceFilteringBuildParticipant - Executing resource filtering for web-market
2023-03-16 14:00:19,407 [Worker-12: Building] WARN  o.e.m.c.i.embedder.EclipseLogger - Using platform encoding (UTF-8 actually) to copy filtered resources, i.e. build is platform dependent!
2023-03-16 14:00:30,315 [Worker-14: Launching Executing install in C__Users_wholefoods_eclipse-workspace_web-market_web-market] INFO  o.e.m.i.launch.MavenLaunchDelegate - C:\Users\wholefoods\eclipse-workspace\web-market\web-market
2023-03-16 14:00:30,316 [Worker-14: Launching Executing install in C__Users_wholefoods_eclipse-workspace_web-market_web-market] INFO  o.e.m.i.launch.MavenLaunchDelegate -  mvn -B install
2023-03-16 14:00:41,677 [Worker-14: Building] WARN  o.e.m.c.i.embedder.EclipseLogger - Using platform encoding (UTF-8 actually) to copy filtered resources, i.e. build is platform dependent!
2023-03-16 14:00:41,680 [Worker-14: Building] INFO  o.e.m.c.i.embedder.EclipseLogger - Copying 0 resource
2023-03-16 14:00:41,684 [Worker-14: Building] WARN  o.e.m.c.i.embedder.EclipseLogger - Using platform encoding (UTF-8 actually) to copy filtered resources, i.e. build is platform dependent!
2023-03-16 14:00:41,685 [Worker-14: Building] INFO  o.e.m.c.i.embedder.EclipseLogger - skip non existing resourceDirectory C:\Users\wholefoods\eclipse-workspace\web-market\web-market\src\test\resources
2023-03-16 15:21:46,122 [Worker-30: Building] WARN  o.e.m.c.i.embedder.EclipseLogger - Using platform encoding (UTF-8 actually) to copy filtered resources, i.e. build is platform dependent!
2023-03-16 15:21:46,164 [Worker-30: Building] INFO  o.e.m.c.i.embedder.EclipseLogger - Copying 1 resource
2023-03-16 15:21:46,185 [Worker-30: Building] WARN  o.e.m.c.i.embedder.EclipseLogger - Using platform encoding (UTF-8 actually) to copy filtered resources, i.e. build is platform dependent!
2023-03-16 15:21:46,186 [Worker-30: Building] INFO  o.e.m.c.i.embedder.EclipseLogger - skip non existing resourceDirectory C:\Users\wholefoods\eclipse-workspace\web-market\web-market\src\test\resources
2023-03-16 15:21:55,249 [Worker-33: Building] WARN  o.e.m.c.i.embedder.EclipseLogger - Using platform encoding (UTF-8 actually) to copy filtered resources, i.e. build is platform dependent!
2023-03-16 15:21:55,250 [Worker-33: Building] INFO  o.e.m.c.i.embedder.EclipseLogger - Copying 1 resource
2023-03-16 15:21:55,252 [Worker-33: Building] WARN  o.e.m.c.i.embedder.EclipseLogger - Using platform encoding (UTF-8 actually) to copy filtered resources, i.e. build is platform dependent!
2023-03-16 15:21:55,254 [Worker-33: Building] INFO  o.e.m.c.i.embedder.EclipseLogger - skip non existing resourceDirectory C:\Users\wholefoods\eclipse-workspace\web-market\web-market\src\test\resources
2023-03-16 15:27:12,395 [Worker-32: Building] WARN  o.e.m.c.i.embedder.EclipseLogger - Using platform encoding (UTF-8 actually) to copy filtered resources, i.e. build is platform dependent!
2023-03-16 15:27:12,399 [Worker-32: Building] INFO  o.e.m.c.i.embedder.EclipseLogger - Copying 1 resource
2023-03-16 15:27:12,414 [Worker-32: Building] WARN  o.e.m.c.i.embedder.EclipseLogger - Using platform encoding (UTF-8 actually) to copy filtered resources, i.e. build is platform dependent!
2023-03-16 15:27:12,415 [Worker-32: Building] INFO  o.e.m.c.i.embedder.EclipseLogger - skip non existing resourceDirectory C:\Users\wholefoods\eclipse-workspace\web-market\web-market\src\test\resources
2023-03-16 15:28:57,984 [Worker-29: Building] WARN  o.e.m.c.i.embedder.EclipseLogger - Using platform encoding (UTF-8 actually) to copy filtered resources, i.e. build is platform dependent!
2023-03-16 15:28:57,986 [Worker-29: Building] INFO  o.e.m.c.i.embedder.EclipseLogger - Copying 1 resource
2023-03-16 15:28:57,994 [Worker-29: Building] WARN  o.e.m.c.i.embedder.EclipseLogger - Using platform encoding (UTF-8 actually) to copy filtered resources, i.e. build is platform dependent!
2023-03-16 15:28:57,995 [Worker-29: Building] INFO  o.e.m.c.i.embedder.EclipseLogger - skip non existing resourceDirectory C:\Users\wholefoods\eclipse-workspace\web-market\web-market\src\test\resources
2023-03-16 15:30:51,779 [Worker-26: Building] WARN  o.e.m.c.i.embedder.EclipseLogger - Using platform encoding (UTF-8 actually) to copy filtered resources, i.e. build is platform dependent!
2023-03-16 15:30:51,781 [Worker-26: Building] INFO  o.e.m.c.i.embedder.EclipseLogger - Copying 1 resource
2023-03-16 15:30:51,783 [Worker-26: Building] WARN  o.e.m.c.i.embedder.EclipseLogger - Using platform encoding (UTF-8 actually) to copy filtered resources, i.e. build is platform dependent!
2023-03-16 15:30:51,785 [Worker-26: Building] INFO  o.e.m.c.i.embedder.EclipseLogger - skip non existing resourceDirectory C:\Users\wholefoods\eclipse-workspace\web-market\web-market\src\test\resources
2023-03-16 15:31:17,990 [Worker-32: Building] WARN  o.e.m.c.i.embedder.EclipseLogger - Using platform encoding (UTF-8 actually) to copy filtered resources, i.e. build is platform dependent!
2023-03-16 15:31:17,994 [Worker-32: Building] INFO  o.e.m.c.i.embedder.EclipseLogger - Copying 1 resource
2023-03-16 15:31:17,997 [Worker-32: Building] WARN  o.e.m.c.i.embedder.EclipseLogger - Using platform encoding (UTF-8 actually) to copy filtered resources, i.e. build is platform dependent!
2023-03-16 15:31:17,998 [Worker-32: Building] INFO  o.e.m.c.i.embedder.EclipseLogger - skip non existing resourceDirectory C:\Users\wholefoods\eclipse-workspace\web-market\web-market\src\test\resources
2023-03-16 15:37:20,469 [Worker-32: Building] WARN  o.e.m.c.i.embedder.EclipseLogger - Using platform encoding (UTF-8 actually) to copy filtered resources, i.e. build is platform dependent!
2023-03-16 15:37:20,471 [Worker-32: Building] INFO  o.e.m.c.i.embedder.EclipseLogger - Copying 1 resource
2023-03-16 15:37:20,473 [Worker-32: Building] WARN  o.e.m.c.i.embedder.EclipseLogger - Using platform encoding (UTF-8 actually) to copy filtered resources, i.e. build is platform dependent!
2023-03-16 15:37:20,476 [Worker-32: Building] INFO  o.e.m.c.i.embedder.EclipseLogger - skip non existing resourceDirectory C:\Users\wholefoods\eclipse-workspace\web-market\web-market\src\test\resources
2023-03-16 15:37:28,577 [Worker-33: Launching Executing install in C__Users_wholefoods_eclipse-workspace_web-market_web-market] INFO  o.e.m.i.launch.MavenLaunchDelegate - C:\Users\wholefoods\eclipse-workspace\web-market\web-market
2023-03-16 15:37:28,577 [Worker-33: Launching Executing install in C__Users_wholefoods_eclipse-workspace_web-market_web-market] INFO  o.e.m.i.launch.MavenLaunchDelegate -  mvn -B install
2023-03-16 15:37:44,024 [Worker-33: Building] WARN  o.e.m.c.i.embedder.EclipseLogger - Using platform encoding (UTF-8 actually) to copy filtered resources, i.e. build is platform dependent!
2023-03-16 15:37:44,025 [Worker-33: Building] INFO  o.e.m.c.i.embedder.EclipseLogger - Copying 0 resource
2023-03-16 15:37:44,027 [Worker-33: Building] WARN  o.e.m.c.i.embedder.EclipseLogger - Using platform encoding (UTF-8 actually) to copy filtered resources, i.e. build is platform dependent!
2023-03-16 15:37:44,028 [Worker-33: Building] INFO  o.e.m.c.i.embedder.EclipseLogger - skip non existing resourceDirectory C:\Users\wholefoods\eclipse-workspace\web-market\web-market\src\test\resources
2023-03-16 15:40:07,405 [Worker-36: Building] WARN  o.e.m.c.i.embedder.EclipseLogger - Using platform encoding (UTF-8 actually) to copy filtered resources, i.e. build is platform dependent!
2023-03-16 15:40:07,408 [Worker-36: Building] INFO  o.e.m.c.i.embedder.EclipseLogger - Copying 1 resource
2023-03-16 15:40:07,410 [Worker-36: Building] WARN  o.e.m.c.i.embedder.EclipseLogger - Using platform encoding (UTF-8 actually) to copy filtered resources, i.e. build is platform dependent!
2023-03-16 15:40:07,420 [Worker-36: Building] INFO  o.e.m.c.i.embedder.EclipseLogger - skip non existing resourceDirectory C:\Users\wholefoods\eclipse-workspace\web-market\web-market\src\test\resources
2023-03-16 15:40:21,273 [Worker-32: Building] WARN  o.e.m.c.i.embedder.EclipseLogger - Using platform encoding (UTF-8 actually) to copy filtered resources, i.e. build is platform dependent!
2023-03-16 15:40:21,275 [Worker-32: Building] INFO  o.e.m.c.i.embedder.EclipseLogger - Copying 1 resource
2023-03-16 15:40:21,277 [Worker-32: Building] WARN  o.e.m.c.i.embedder.EclipseLogger - Using platform encoding (UTF-8 actually) to copy filtered resources, i.e. build is platform dependent!
2023-03-16 15:40:21,278 [Worker-32: Building] INFO  o.e.m.c.i.embedder.EclipseLogger - skip non existing resourceDirectory C:\Users\wholefoods\eclipse-workspace\web-market\web-market\src\test\resources
2023-03-16 15:41:05,499 [Worker-32: Launching Executing install in C__Users_wholefoods_eclipse-workspace_web-market_web-market] INFO  o.e.m.i.launch.MavenLaunchDelegate - C:\Users\wholefoods\eclipse-workspace\web-market\web-market
2023-03-16 15:41:05,499 [Worker-32: Launching Executing install in C__Users_wholefoods_eclipse-workspace_web-market_web-market] INFO  o.e.m.i.launch.MavenLaunchDelegate -  mvn -B install
2023-03-16 15:41:15,252 [Worker-37: Building] WARN  o.e.m.c.i.embedder.EclipseLogger - Using platform encoding (UTF-8 actually) to copy filtered resources, i.e. build is platform dependent!
2023-03-16 15:41:15,254 [Worker-37: Building] INFO  o.e.m.c.i.embedder.EclipseLogger - Copying 0 resource
2023-03-16 15:41:15,257 [Worker-37: Building] WARN  o.e.m.c.i.embedder.EclipseLogger - Using platform encoding (UTF-8 actually) to copy filtered resources, i.e. build is platform dependent!
2023-03-16 15:41:15,258 [Worker-37: Building] INFO  o.e.m.c.i.embedder.EclipseLogger - skip non existing resourceDirectory C:\Users\wholefoods\eclipse-workspace\web-market\web-market\src\test\resources
2023-03-16 15:42:21,481 [Worker-35: Building] WARN  o.e.m.c.i.embedder.EclipseLogger - Using platform encoding (UTF-8 actually) to copy filtered resources, i.e. build is platform dependent!
2023-03-16 15:42:21,483 [Worker-35: Building] INFO  o.e.m.c.i.embedder.EclipseLogger - Copying 1 resource
2023-03-16 15:42:21,486 [Worker-35: Building] WARN  o.e.m.c.i.embedder.EclipseLogger - Using platform encoding (UTF-8 actually) to copy filtered resources, i.e. build is platform dependent!
2023-03-16 15:42:21,487 [Worker-35: Building] INFO  o.e.m.c.i.embedder.EclipseLogger - skip non existing resourceDirectory C:\Users\wholefoods\eclipse-workspace\web-market\web-market\src\test\resources
2023-03-16 15:42:42,045 [Worker-37: Building] WARN  o.e.m.c.i.embedder.EclipseLogger - Using platform encoding (UTF-8 actually) to copy filtered resources, i.e. build is platform dependent!
2023-03-16 15:42:42,047 [Worker-37: Building] INFO  o.e.m.c.i.embedder.EclipseLogger - Copying 1 resource
2023-03-16 15:42:42,050 [Worker-37: Building] WARN  o.e.m.c.i.embedder.EclipseLogger - Using platform encoding (UTF-8 actually) to copy filtered resources, i.e. build is platform dependent!
2023-03-16 15:42:42,053 [Worker-37: Building] INFO  o.e.m.c.i.embedder.EclipseLogger - skip non existing resourceDirectory C:\Users\wholefoods\eclipse-workspace\web-market\web-market\src\test\resources
2023-03-16 15:43:36,504 [Worker-37: Building] WARN  o.e.m.c.i.embedder.EclipseLogger - Using platform encoding (UTF-8 actually) to copy filtered resources, i.e. build is platform dependent!
2023-03-16 15:43:36,506 [Worker-37: Building] INFO  o.e.m.c.i.embedder.EclipseLogger - Copying 1 resource
2023-03-16 15:43:36,509 [Worker-37: Building] WARN  o.e.m.c.i.embedder.EclipseLogger - Using platform encoding (UTF-8 actually) to copy filtered resources, i.e. build is platform dependent!
2023-03-16 15:43:36,510 [Worker-37: Building] INFO  o.e.m.c.i.embedder.EclipseLogger - skip non existing resourceDirectory C:\Users\wholefoods\eclipse-workspace\web-market\web-market\src\test\resources
2023-03-16 15:43:42,973 [Worker-36: Launching Executing install in C__Users_wholefoods_eclipse-workspace_web-market_web-market] INFO  o.e.m.i.launch.MavenLaunchDelegate - C:\Users\wholefoods\eclipse-workspace\web-market\web-market
2023-03-16 15:43:42,974 [Worker-36: Launching Executing install in C__Users_wholefoods_eclipse-workspace_web-market_web-market] INFO  o.e.m.i.launch.MavenLaunchDelegate -  mvn -B install
2023-03-16 15:43:52,696 [Worker-35: Building] WARN  o.e.m.c.i.embedder.EclipseLogger - Using platform encoding (UTF-8 actually) to copy filtered resources, i.e. build is platform dependent!
2023-03-16 15:43:52,697 [Worker-35: Building] INFO  o.e.m.c.i.embedder.EclipseLogger - Copying 0 resource
2023-03-16 15:43:52,699 [Worker-35: Building] WARN  o.e.m.c.i.embedder.EclipseLogger - Using platform encoding (UTF-8 actually) to copy filtered resources, i.e. build is platform dependent!
2023-03-16 15:43:52,700 [Worker-35: Building] INFO  o.e.m.c.i.embedder.EclipseLogger - skip non existing resourceDirectory C:\Users\wholefoods\eclipse-workspace\web-market\web-market\src\test\resources
2023-03-16 15:45:39,326 [Worker-35: Building] WARN  o.e.m.c.i.embedder.EclipseLogger - Using platform encoding (UTF-8 actually) to copy filtered resources, i.e. build is platform dependent!
2023-03-16 15:45:39,328 [Worker-35: Building] INFO  o.e.m.c.i.embedder.EclipseLogger - Copying 1 resource
2023-03-16 15:45:39,332 [Worker-35: Building] WARN  o.e.m.c.i.embedder.EclipseLogger - Using platform encoding (UTF-8 actually) to copy filtered resources, i.e. build is platform dependent!
2023-03-16 15:45:39,333 [Worker-35: Building] INFO  o.e.m.c.i.embedder.EclipseLogger - skip non existing resourceDirectory C:\Users\wholefoods\eclipse-workspace\web-market\web-market\src\test\resources
2023-03-16 15:46:04,910 [Worker-33: Building] WARN  o.e.m.c.i.embedder.EclipseLogger - Using platform encoding (UTF-8 actually) to copy filtered resources, i.e. build is platform dependent!
2023-03-16 15:46:04,912 [Worker-33: Building] INFO  o.e.m.c.i.embedder.EclipseLogger - Copying 1 resource
2023-03-16 15:46:04,916 [Worker-33: Building] WARN  o.e.m.c.i.embedder.EclipseLogger - Using platform encoding (UTF-8 actually) to copy filtered resources, i.e. build is platform dependent!
2023-03-16 15:46:04,916 [Worker-33: Building] INFO  o.e.m.c.i.embedder.EclipseLogger - skip non existing resourceDirectory C:\Users\wholefoods\eclipse-workspace\web-market\web-market\src\test\resources
2023-03-16 15:46:10,935 [Worker-32: Launching Executing install in C__Users_wholefoods_eclipse-workspace_web-market_web-market] INFO  o.e.m.i.launch.MavenLaunchDelegate - C:\Users\wholefoods\eclipse-workspace\web-market\web-market
2023-03-16 15:46:10,936 [Worker-32: Launching Executing install in C__Users_wholefoods_eclipse-workspace_web-market_web-market] INFO  o.e.m.i.launch.MavenLaunchDelegate -  mvn -B install
2023-03-16 15:46:21,389 [Worker-36: Building] WARN  o.e.m.c.i.embedder.EclipseLogger - Using platform encoding (UTF-8 actually) to copy filtered resources, i.e. build is platform dependent!
2023-03-16 15:46:21,391 [Worker-36: Building] INFO  o.e.m.c.i.embedder.EclipseLogger - Copying 0 resource
2023-03-16 15:46:21,394 [Worker-36: Building] WARN  o.e.m.c.i.embedder.EclipseLogger - Using platform encoding (UTF-8 actually) to copy filtered resources, i.e. build is platform dependent!
2023-03-16 15:46:21,395 [Worker-36: Building] INFO  o.e.m.c.i.embedder.EclipseLogger - skip non existing resourceDirectory C:\Users\wholefoods\eclipse-workspace\web-market\web-market\src\test\resources
2023-03-16 15:47:33,310 [Worker-33: Building] WARN  o.e.m.c.i.embedder.EclipseLogger - Using platform encoding (UTF-8 actually) to copy filtered resources, i.e. build is platform dependent!
2023-03-16 15:47:33,312 [Worker-33: Building] INFO  o.e.m.c.i.embedder.EclipseLogger - Copying 1 resource
2023-03-16 15:47:33,314 [Worker-33: Building] WARN  o.e.m.c.i.embedder.EclipseLogger - Using platform encoding (UTF-8 actually) to copy filtered resources, i.e. build is platform dependent!
2023-03-16 15:47:33,315 [Worker-33: Building] INFO  o.e.m.c.i.embedder.EclipseLogger - skip non existing resourceDirectory C:\Users\wholefoods\eclipse-workspace\web-market\web-market\src\test\resources
2023-03-16 15:47:44,172 [Worker-33: Launching Executing install in C__Users_wholefoods_eclipse-workspace_web-market_web-market] INFO  o.e.m.i.launch.MavenLaunchDelegate - C:\Users\wholefoods\eclipse-workspace\web-market\web-market
2023-03-16 15:47:44,172 [Worker-33: Launching Executing install in C__Users_wholefoods_eclipse-workspace_web-market_web-market] INFO  o.e.m.i.launch.MavenLaunchDelegate -  mvn -B install
2023-03-16 15:47:55,660 [Worker-35: Building] WARN  o.e.m.c.i.embedder.EclipseLogger - Using platform encoding (UTF-8 actually) to copy filtered resources, i.e. build is platform dependent!
2023-03-16 15:47:55,662 [Worker-35: Building] INFO  o.e.m.c.i.embedder.EclipseLogger - Copying 0 resource
2023-03-16 15:47:55,664 [Worker-35: Building] WARN  o.e.m.c.i.embedder.EclipseLogger - Using platform encoding (UTF-8 actually) to copy filtered resources, i.e. build is platform dependent!
2023-03-16 15:47:55,666 [Worker-35: Building] INFO  o.e.m.c.i.embedder.EclipseLogger - skip non existing resourceDirectory C:\Users\wholefoods\eclipse-workspace\web-market\web-market\src\test\resources
